#
# There is insufficient memory for the Java Runtime Environment to continue.
# Native memory allocation (malloc) failed to allocate 552128 bytes for Chunk::new
# Possible reasons:
#   The system is out of physical RAM or swap space
#   The process is running with CompressedOops enabled, and the Java Heap may be blocking the growth of the native heap
# Possible solutions:
#   Reduce memory load on the system
#   Increase physical memory or swap space
#   Check if swap backing store is full
#   Decrease Java heap size (-Xmx/-Xms)
#   Decrease number of Java threads
#   Decrease Java thread stack sizes (-Xss)
#   Set larger code cache with -XX:ReservedCodeCacheSize=
#   JVM is running with Unscaled Compressed Oops mode in which the Java heap is
#     placed in the first 4GB address space. The Java Heap base address is the
#     maximum limit for the native heap growth. Please use -XX:HeapBaseMinAddress
#     to set the Java Heap base and to place the Java Heap above 4GB virtual address.
# This output file may be truncated or incomplete.
#
#  Out of Memory Error (arena.cpp:168), pid=14984, tid=22316
#
# JRE version: Java(TM) SE Runtime Environment (21.0.2+13) (build 21.0.2+13-LTS-58)
# Java VM: Java HotSpot(TM) 64-Bit Server VM (21.0.2+13-LTS-58, mixed mode, sharing, tiered, compressed oops, compressed class ptrs, g1 gc, windows-amd64)
# No core dump will be written. Minidumps are not enabled by default on client versions of Windows
#

---------------  S U M M A R Y ------------

Command Line: -ea -Dfile.encoding=UTF-8 -XX:+ShowCodeDetailsInExceptionMessages org.testng.remote.RemoteTestNG -serport 51171 -protocol json -d D:\VelocityTraining\Setup\Eclipse_IDE_2021_12\Eclips_WorkSpace_2021_12\TestNGFrameworkByArunMotoori\test-output C:\Users\MANISH~1\AppData\Local\Temp\testng-eclipse-257516823\testng-customsuite.xml

Host: Intel(R) Core(TM) i5-10300H CPU @ 2.50GHz, 8 cores, 7G,  Windows 11 , 64 bit Build 22621 (10.0.22621.1778)
Time: Fri Mar 15 15:47:25 2024 India Standard Time elapsed time: 7.894651 seconds (0d 0h 0m 7s)

---------------  T H R E A D  ---------------

Current thread (0x000001d02d323190):  JavaThread "C2 CompilerThread0" daemon [_thread_in_native, id=22316, stack(0x000000049d000000,0x000000049d100000) (1024K)]


Current CompileTask:
C2:   7894 1855       4       java.lang.invoke.MethodType::makeImpl (109 bytes)

Stack: [0x000000049d000000,0x000000049d100000]
Native frames: (J=compiled Java code, j=interpreted, Vv=VM code, C=native code)
V  [jvm.dll+0x6cade9]
V  [jvm.dll+0x8569c1]
V  [jvm.dll+0x858d2e]
V  [jvm.dll+0x859413]
V  [jvm.dll+0x280e56]
V  [jvm.dll+0xc3f3d]
V  [jvm.dll+0xc4473]
V  [jvm.dll+0x3b5c2c]
V  [jvm.dll+0x1e1e8a]
V  [jvm.dll+0x249d22]
V  [jvm.dll+0x2491b1]
V  [jvm.dll+0x1c9634]
V  [jvm.dll+0x258859]
V  [jvm.dll+0x256e3a]
V  [jvm.dll+0x3ef6c6]
V  [jvm.dll+0x7ff568]
V  [jvm.dll+0x6c953d]
C  [ucrtbase.dll+0x29363]
C  [KERNEL32.DLL+0x126ad]
C  [ntdll.dll+0x5a9f8]


---------------  P R O C E S S  ---------------

Threads class SMR info:
_java_thread_list=0x000001d0736a63d0, length=22, elements={
0x000001d00e8d69f0, 0x000001d02d313cd0, 0x000001d02d317290, 0x000001d02d317ef0,
0x000001d02d318560, 0x000001d02d318fc0, 0x000001d02d31ddd0, 0x000001d02d323190,
0x000001d02d325590, 0x000001d02d580010, 0x000001d02d586000, 0x000001d073220740,
0x000001d02d4aafd0, 0x000001d073932040, 0x000001d02d631a40, 0x000001d0734fc040,
0x000001d0734fc6b0, 0x000001d073533310, 0x000001d073689f40, 0x000001d07368b980,
0x000001d07368a5d0, 0x000001d073688500
}

Java Threads: ( => current thread )
  0x000001d00e8d69f0 JavaThread "Forwarding newSession on session null to remote"        [_thread_in_native, id=18832, stack(0x000000049c200000,0x000000049c300000) (1024K)]
  0x000001d02d313cd0 JavaThread "Reference Handler"          daemon [_thread_blocked, id=6072, stack(0x000000049ca00000,0x000000049cb00000) (1024K)]
  0x000001d02d317290 JavaThread "Finalizer"                  daemon [_thread_blocked, id=5964, stack(0x000000049cb00000,0x000000049cc00000) (1024K)]
  0x000001d02d317ef0 JavaThread "Signal Dispatcher"          daemon [_thread_blocked, id=3048, stack(0x000000049cc00000,0x000000049cd00000) (1024K)]
  0x000001d02d318560 JavaThread "Attach Listener"            daemon [_thread_blocked, id=17376, stack(0x000000049cd00000,0x000000049ce00000) (1024K)]
  0x000001d02d318fc0 JavaThread "Service Thread"             daemon [_thread_blocked, id=19348, stack(0x000000049ce00000,0x000000049cf00000) (1024K)]
  0x000001d02d31ddd0 JavaThread "Monitor Deflation Thread"   daemon [_thread_blocked, id=7476, stack(0x000000049cf00000,0x000000049d000000) (1024K)]
=>0x000001d02d323190 JavaThread "C2 CompilerThread0"         daemon [_thread_in_native, id=22316, stack(0x000000049d000000,0x000000049d100000) (1024K)]
  0x000001d02d325590 JavaThread "C1 CompilerThread0"         daemon [_thread_blocked, id=12424, stack(0x000000049d100000,0x000000049d200000) (1024K)]
  0x000001d02d580010 JavaThread "Notification Thread"        daemon [_thread_blocked, id=21508, stack(0x000000049d200000,0x000000049d300000) (1024K)]
  0x000001d02d586000 JavaThread "Common-Cleaner"             daemon [_thread_blocked, id=4604, stack(0x000000049d300000,0x000000049d400000) (1024K)]
  0x000001d073220740 JavaThread "ReaderThread"                      [_thread_in_native, id=17224, stack(0x000000049d500000,0x000000049d600000) (1024K)]
  0x000001d02d4aafd0 JavaThread "ForkJoinPool.commonPool-worker-1" daemon [_thread_blocked, id=11108, stack(0x000000049dd00000,0x000000049de00000) (1024K)]
  0x000001d073932040 JavaThread "HttpClient-1-SelectorManager" daemon [_thread_in_native, id=20320, stack(0x000000049de00000,0x000000049df00000) (1024K)]
  0x000001d02d631a40 JavaThread "External Process Output Forwarder - C:\Users\Manish Jadhav\.cache\selenium\chromedriver\win64\122.0.6261.128\chromedriver.exe" daemon [_thread_in_native, id=12860, stack(0x000000049df00000,0x000000049e000000) (1024K)]
  0x000001d0734fc040 JavaThread "Driver Service Executor"    daemon [_thread_blocked, id=3248, stack(0x000000049e000000,0x000000049e100000) (1024K)]
  0x000001d0734fc6b0 JavaThread "Driver Service Executor"    daemon [_thread_in_native, id=2412, stack(0x000000049e100000,0x000000049e200000) (1024K)]
  0x000001d073533310 JavaThread "UrlChecker-2"               daemon [_thread_blocked, id=21348, stack(0x000000049e200000,0x000000049e300000) (1024K)]
  0x000001d073689f40 JavaThread "Keep-Alive-Timer"           daemon [_thread_blocked, id=10404, stack(0x000000049e300000,0x000000049e400000) (1024K)]
  0x000001d07368b980 JavaThread "pool-1-thread-1"                   [_thread_blocked, id=10996, stack(0x000000049e400000,0x000000049e500000) (1024K)]
  0x000001d07368a5d0 JavaThread "pool-1-thread-2"                   [_thread_blocked, id=6268, stack(0x000000049e500000,0x000000049e600000) (1024K)]
  0x000001d073688500 JavaThread "pool-1-thread-3"                   [_thread_blocked, id=19268, stack(0x000000049e600000,0x000000049e700000) (1024K)]
Total: 22

Other Threads:
  0x000001d02d2f1780 VMThread "VM Thread"                           [id=20832, stack(0x000000049c900000,0x000000049ca00000) (1024K)]
  0x000001d02d2d81b0 WatcherThread "VM Periodic Task Thread"        [id=19612, stack(0x000000049c800000,0x000000049c900000) (1024K)]
  0x000001d010a74240 WorkerThread "GC Thread#0"                     [id=9468, stack(0x000000049c300000,0x000000049c400000) (1024K)]
  0x000001d073836960 WorkerThread "GC Thread#1"                     [id=10892, stack(0x000000049d600000,0x000000049d700000) (1024K)]
  0x000001d073836d00 WorkerThread "GC Thread#2"                     [id=21324, stack(0x000000049d700000,0x000000049d800000) (1024K)]
  0x000001d0738a7370 WorkerThread "GC Thread#3"                     [id=21900, stack(0x000000049d800000,0x000000049d900000) (1024K)]
  0x000001d073901990 WorkerThread "GC Thread#4"                     [id=13112, stack(0x000000049d900000,0x000000049da00000) (1024K)]
  0x000001d073901d30 WorkerThread "GC Thread#5"                     [id=4320, stack(0x000000049da00000,0x000000049db00000) (1024K)]
  0x000001d0739020d0 WorkerThread "GC Thread#6"                     [id=2684, stack(0x000000049db00000,0x000000049dc00000) (1024K)]
  0x000001d073902470 WorkerThread "GC Thread#7"                     [id=17152, stack(0x000000049dc00000,0x000000049dd00000) (1024K)]
  0x000001d010a84be0 ConcurrentGCThread "G1 Main Marker"            [id=10116, stack(0x000000049c400000,0x000000049c500000) (1024K)]
  0x000001d010a86190 WorkerThread "G1 Conc#0"                       [id=2356, stack(0x000000049c500000,0x000000049c600000) (1024K)]
  0x000001d010ade5c0 ConcurrentGCThread "G1 Refine#0"               [id=19028, stack(0x000000049c600000,0x000000049c700000) (1024K)]
  0x000001d02d1ac130 ConcurrentGCThread "G1 Service"                [id=9632, stack(0x000000049c700000,0x000000049c800000) (1024K)]
Total: 14

Threads with active compile tasks:
C2 CompilerThread0     7940 1855       4       java.lang.invoke.MethodType::makeImpl (109 bytes)
Total: 1

VM state: not at safepoint (normal execution)

VM Mutex/Monitor currently owned by a thread: None

Heap address: 0x0000000083200000, size: 1998 MB, Compressed Oops mode: 32-bit

CDS archive(s) mapped at: [0x000001d02e000000-0x000001d02ec90000-0x000001d02ec90000), size 13172736, SharedBaseAddress: 0x000001d02e000000, ArchiveRelocationMode: 1.
Compressed class space mapped at: 0x000001d02f000000-0x000001d06f000000, reserved size: 1073741824
Narrow klass base: 0x000001d02e000000, Narrow klass shift: 0, Narrow klass range: 0x100000000

GC Precious Log:
 CardTable entry size: 512
 Card Set container configuration: InlinePtr #cards 5 size 8 Array Of Cards #cards 12 size 40 Howl #buckets 4 coarsen threshold 1843 Howl Bitmap #cards 512 size 80 coarsen threshold 460 Card regions per heap region 1 cards per card region 2048
 CPUs: 8 total, 8 available
 Memory: 7985M
 Large Page Support: Disabled
 NUMA Support: Disabled
 Compressed Oops: Enabled (32-bit)
 Heap Region Size: 1M
 Heap Min Capacity: 8M
 Heap Initial Capacity: 126M
 Heap Max Capacity: 1998M
 Pre-touch: Disabled
 Parallel Workers: 8
 Concurrent Workers: 2
 Concurrent Refinement Workers: 8
 Periodic GC: Disabled

Heap:
 garbage-first heap   total 129024K, used 23920K [0x0000000083200000, 0x0000000100000000)
  region size 1024K, 20 young (20480K), 3 survivors (3072K)
 Metaspace       used 15507K, committed 15872K, reserved 1114112K
  class space    used 1845K, committed 1984K, reserved 1048576K

Heap Regions: E=young(eden), S=young(survivor), O=old, HS=humongous(starts), HC=humongous(continues), CS=collection set, F=free, TAMS=top-at-mark-start, PB=parsable bottom
|   0|0x0000000083200000, 0x0000000083300000, 0x0000000083300000|100%|HS|  |TAMS 0x0000000083200000| PB 0x0000000083200000| Complete 
|   1|0x0000000083300000, 0x0000000083400000, 0x0000000083400000|100%|HS|  |TAMS 0x0000000083300000| PB 0x0000000083300000| Complete 
|   2|0x0000000083400000, 0x0000000083400000, 0x0000000083500000|  0%| F|  |TAMS 0x0000000083400000| PB 0x0000000083400000| Untracked 
|   3|0x0000000083500000, 0x0000000083600000, 0x0000000083600000|100%| O|  |TAMS 0x0000000083500000| PB 0x0000000083500000| Untracked 
|   4|0x0000000083600000, 0x0000000083700000, 0x0000000083700000|100%| O|  |TAMS 0x0000000083600000| PB 0x0000000083600000| Untracked 
|   5|0x0000000083700000, 0x0000000083800000, 0x0000000083800000|100%| O|  |TAMS 0x0000000083700000| PB 0x0000000083700000| Untracked 
|   6|0x0000000083800000, 0x000000008385c000, 0x0000000083900000| 35%| O|  |TAMS 0x0000000083800000| PB 0x0000000083800000| Untracked 
|   7|0x0000000083900000, 0x0000000083900000, 0x0000000083a00000|  0%| F|  |TAMS 0x0000000083900000| PB 0x0000000083900000| Untracked 
|   8|0x0000000083a00000, 0x0000000083a00000, 0x0000000083b00000|  0%| F|  |TAMS 0x0000000083a00000| PB 0x0000000083a00000| Untracked 
|   9|0x0000000083b00000, 0x0000000083b00000, 0x0000000083c00000|  0%| F|  |TAMS 0x0000000083b00000| PB 0x0000000083b00000| Untracked 
|  10|0x0000000083c00000, 0x0000000083c00000, 0x0000000083d00000|  0%| F|  |TAMS 0x0000000083c00000| PB 0x0000000083c00000| Untracked 
|  11|0x0000000083d00000, 0x0000000083d00000, 0x0000000083e00000|  0%| F|  |TAMS 0x0000000083d00000| PB 0x0000000083d00000| Untracked 
|  12|0x0000000083e00000, 0x0000000083e00000, 0x0000000083f00000|  0%| F|  |TAMS 0x0000000083e00000| PB 0x0000000083e00000| Untracked 
|  13|0x0000000083f00000, 0x0000000083f00000, 0x0000000084000000|  0%| F|  |TAMS 0x0000000083f00000| PB 0x0000000083f00000| Untracked 
|  14|0x0000000084000000, 0x0000000084000000, 0x0000000084100000|  0%| F|  |TAMS 0x0000000084000000| PB 0x0000000084000000| Untracked 
|  15|0x0000000084100000, 0x0000000084100000, 0x0000000084200000|  0%| F|  |TAMS 0x0000000084100000| PB 0x0000000084100000| Untracked 
|  16|0x0000000084200000, 0x0000000084200000, 0x0000000084300000|  0%| F|  |TAMS 0x0000000084200000| PB 0x0000000084200000| Untracked 
|  17|0x0000000084300000, 0x0000000084300000, 0x0000000084400000|  0%| F|  |TAMS 0x0000000084300000| PB 0x0000000084300000| Untracked 
|  18|0x0000000084400000, 0x0000000084400000, 0x0000000084500000|  0%| F|  |TAMS 0x0000000084400000| PB 0x0000000084400000| Untracked 
|  19|0x0000000084500000, 0x0000000084500000, 0x0000000084600000|  0%| F|  |TAMS 0x0000000084500000| PB 0x0000000084500000| Untracked 
|  20|0x0000000084600000, 0x0000000084600000, 0x0000000084700000|  0%| F|  |TAMS 0x0000000084600000| PB 0x0000000084600000| Untracked 
|  21|0x0000000084700000, 0x0000000084700000, 0x0000000084800000|  0%| F|  |TAMS 0x0000000084700000| PB 0x0000000084700000| Untracked 
|  22|0x0000000084800000, 0x0000000084800000, 0x0000000084900000|  0%| F|  |TAMS 0x0000000084800000| PB 0x0000000084800000| Untracked 
|  23|0x0000000084900000, 0x0000000084900000, 0x0000000084a00000|  0%| F|  |TAMS 0x0000000084900000| PB 0x0000000084900000| Untracked 
|  24|0x0000000084a00000, 0x0000000084a00000, 0x0000000084b00000|  0%| F|  |TAMS 0x0000000084a00000| PB 0x0000000084a00000| Untracked 
|  25|0x0000000084b00000, 0x0000000084b00000, 0x0000000084c00000|  0%| F|  |TAMS 0x0000000084b00000| PB 0x0000000084b00000| Untracked 
|  26|0x0000000084c00000, 0x0000000084c00000, 0x0000000084d00000|  0%| F|  |TAMS 0x0000000084c00000| PB 0x0000000084c00000| Untracked 
|  27|0x0000000084d00000, 0x0000000084d00000, 0x0000000084e00000|  0%| F|  |TAMS 0x0000000084d00000| PB 0x0000000084d00000| Untracked 
|  28|0x0000000084e00000, 0x0000000084e00000, 0x0000000084f00000|  0%| F|  |TAMS 0x0000000084e00000| PB 0x0000000084e00000| Untracked 
|  29|0x0000000084f00000, 0x0000000084f00000, 0x0000000085000000|  0%| F|  |TAMS 0x0000000084f00000| PB 0x0000000084f00000| Untracked 
|  30|0x0000000085000000, 0x0000000085000000, 0x0000000085100000|  0%| F|  |TAMS 0x0000000085000000| PB 0x0000000085000000| Untracked 
|  31|0x0000000085100000, 0x0000000085100000, 0x0000000085200000|  0%| F|  |TAMS 0x0000000085100000| PB 0x0000000085100000| Untracked 
|  32|0x0000000085200000, 0x0000000085200000, 0x0000000085300000|  0%| F|  |TAMS 0x0000000085200000| PB 0x0000000085200000| Untracked 
|  33|0x0000000085300000, 0x0000000085300000, 0x0000000085400000|  0%| F|  |TAMS 0x0000000085300000| PB 0x0000000085300000| Untracked 
|  34|0x0000000085400000, 0x0000000085400000, 0x0000000085500000|  0%| F|  |TAMS 0x0000000085400000| PB 0x0000000085400000| Untracked 
|  35|0x0000000085500000, 0x0000000085500000, 0x0000000085600000|  0%| F|  |TAMS 0x0000000085500000| PB 0x0000000085500000| Untracked 
|  36|0x0000000085600000, 0x0000000085600000, 0x0000000085700000|  0%| F|  |TAMS 0x0000000085600000| PB 0x0000000085600000| Untracked 
|  37|0x0000000085700000, 0x0000000085700000, 0x0000000085800000|  0%| F|  |TAMS 0x0000000085700000| PB 0x0000000085700000| Untracked 
|  38|0x0000000085800000, 0x0000000085800000, 0x0000000085900000|  0%| F|  |TAMS 0x0000000085800000| PB 0x0000000085800000| Untracked 
|  39|0x0000000085900000, 0x0000000085900000, 0x0000000085a00000|  0%| F|  |TAMS 0x0000000085900000| PB 0x0000000085900000| Untracked 
|  40|0x0000000085a00000, 0x0000000085a00000, 0x0000000085b00000|  0%| F|  |TAMS 0x0000000085a00000| PB 0x0000000085a00000| Untracked 
|  41|0x0000000085b00000, 0x0000000085b00000, 0x0000000085c00000|  0%| F|  |TAMS 0x0000000085b00000| PB 0x0000000085b00000| Untracked 
|  42|0x0000000085c00000, 0x0000000085c00000, 0x0000000085d00000|  0%| F|  |TAMS 0x0000000085c00000| PB 0x0000000085c00000| Untracked 
|  43|0x0000000085d00000, 0x0000000085d00000, 0x0000000085e00000|  0%| F|  |TAMS 0x0000000085d00000| PB 0x0000000085d00000| Untracked 
|  44|0x0000000085e00000, 0x0000000085e00000, 0x0000000085f00000|  0%| F|  |TAMS 0x0000000085e00000| PB 0x0000000085e00000| Untracked 
|  45|0x0000000085f00000, 0x0000000085f00000, 0x0000000086000000|  0%| F|  |TAMS 0x0000000085f00000| PB 0x0000000085f00000| Untracked 
|  46|0x0000000086000000, 0x0000000086000000, 0x0000000086100000|  0%| F|  |TAMS 0x0000000086000000| PB 0x0000000086000000| Untracked 
|  47|0x0000000086100000, 0x0000000086100000, 0x0000000086200000|  0%| F|  |TAMS 0x0000000086100000| PB 0x0000000086100000| Untracked 
|  48|0x0000000086200000, 0x0000000086200000, 0x0000000086300000|  0%| F|  |TAMS 0x0000000086200000| PB 0x0000000086200000| Untracked 
|  49|0x0000000086300000, 0x0000000086300000, 0x0000000086400000|  0%| F|  |TAMS 0x0000000086300000| PB 0x0000000086300000| Untracked 
|  50|0x0000000086400000, 0x0000000086400000, 0x0000000086500000|  0%| F|  |TAMS 0x0000000086400000| PB 0x0000000086400000| Untracked 
|  51|0x0000000086500000, 0x0000000086500000, 0x0000000086600000|  0%| F|  |TAMS 0x0000000086500000| PB 0x0000000086500000| Untracked 
|  52|0x0000000086600000, 0x0000000086600000, 0x0000000086700000|  0%| F|  |TAMS 0x0000000086600000| PB 0x0000000086600000| Untracked 
|  53|0x0000000086700000, 0x0000000086700000, 0x0000000086800000|  0%| F|  |TAMS 0x0000000086700000| PB 0x0000000086700000| Untracked 
|  54|0x0000000086800000, 0x0000000086800000, 0x0000000086900000|  0%| F|  |TAMS 0x0000000086800000| PB 0x0000000086800000| Untracked 
|  55|0x0000000086900000, 0x0000000086900000, 0x0000000086a00000|  0%| F|  |TAMS 0x0000000086900000| PB 0x0000000086900000| Untracked 
|  56|0x0000000086a00000, 0x0000000086a00000, 0x0000000086b00000|  0%| F|  |TAMS 0x0000000086a00000| PB 0x0000000086a00000| Untracked 
|  57|0x0000000086b00000, 0x0000000086b00000, 0x0000000086c00000|  0%| F|  |TAMS 0x0000000086b00000| PB 0x0000000086b00000| Untracked 
|  58|0x0000000086c00000, 0x0000000086c00000, 0x0000000086d00000|  0%| F|  |TAMS 0x0000000086c00000| PB 0x0000000086c00000| Untracked 
|  59|0x0000000086d00000, 0x0000000086d00000, 0x0000000086e00000|  0%| F|  |TAMS 0x0000000086d00000| PB 0x0000000086d00000| Untracked 
|  60|0x0000000086e00000, 0x0000000086e00000, 0x0000000086f00000|  0%| F|  |TAMS 0x0000000086e00000| PB 0x0000000086e00000| Untracked 
|  61|0x0000000086f00000, 0x0000000086f00000, 0x0000000087000000|  0%| F|  |TAMS 0x0000000086f00000| PB 0x0000000086f00000| Untracked 
|  62|0x0000000087000000, 0x0000000087000000, 0x0000000087100000|  0%| F|  |TAMS 0x0000000087000000| PB 0x0000000087000000| Untracked 
|  63|0x0000000087100000, 0x0000000087100000, 0x0000000087200000|  0%| F|  |TAMS 0x0000000087100000| PB 0x0000000087100000| Untracked 
|  64|0x0000000087200000, 0x0000000087200000, 0x0000000087300000|  0%| F|  |TAMS 0x0000000087200000| PB 0x0000000087200000| Untracked 
|  65|0x0000000087300000, 0x0000000087300000, 0x0000000087400000|  0%| F|  |TAMS 0x0000000087300000| PB 0x0000000087300000| Untracked 
|  66|0x0000000087400000, 0x0000000087400000, 0x0000000087500000|  0%| F|  |TAMS 0x0000000087400000| PB 0x0000000087400000| Untracked 
|  67|0x0000000087500000, 0x0000000087500000, 0x0000000087600000|  0%| F|  |TAMS 0x0000000087500000| PB 0x0000000087500000| Untracked 
|  68|0x0000000087600000, 0x0000000087600000, 0x0000000087700000|  0%| F|  |TAMS 0x0000000087600000| PB 0x0000000087600000| Untracked 
|  69|0x0000000087700000, 0x0000000087700000, 0x0000000087800000|  0%| F|  |TAMS 0x0000000087700000| PB 0x0000000087700000| Untracked 
|  70|0x0000000087800000, 0x0000000087800000, 0x0000000087900000|  0%| F|  |TAMS 0x0000000087800000| PB 0x0000000087800000| Untracked 
|  71|0x0000000087900000, 0x0000000087900000, 0x0000000087a00000|  0%| F|  |TAMS 0x0000000087900000| PB 0x0000000087900000| Untracked 
|  72|0x0000000087a00000, 0x0000000087a00000, 0x0000000087b00000|  0%| F|  |TAMS 0x0000000087a00000| PB 0x0000000087a00000| Untracked 
|  73|0x0000000087b00000, 0x0000000087b00000, 0x0000000087c00000|  0%| F|  |TAMS 0x0000000087b00000| PB 0x0000000087b00000| Untracked 
|  74|0x0000000087c00000, 0x0000000087c00000, 0x0000000087d00000|  0%| F|  |TAMS 0x0000000087c00000| PB 0x0000000087c00000| Untracked 
|  75|0x0000000087d00000, 0x0000000087d00000, 0x0000000087e00000|  0%| F|  |TAMS 0x0000000087d00000| PB 0x0000000087d00000| Untracked 
|  76|0x0000000087e00000, 0x0000000087e00000, 0x0000000087f00000|  0%| F|  |TAMS 0x0000000087e00000| PB 0x0000000087e00000| Untracked 
|  77|0x0000000087f00000, 0x0000000087f00000, 0x0000000088000000|  0%| F|  |TAMS 0x0000000087f00000| PB 0x0000000087f00000| Untracked 
|  78|0x0000000088000000, 0x0000000088000000, 0x0000000088100000|  0%| F|  |TAMS 0x0000000088000000| PB 0x0000000088000000| Untracked 
|  79|0x0000000088100000, 0x0000000088100000, 0x0000000088200000|  0%| F|  |TAMS 0x0000000088100000| PB 0x0000000088100000| Untracked 
|  80|0x0000000088200000, 0x0000000088200000, 0x0000000088300000|  0%| F|  |TAMS 0x0000000088200000| PB 0x0000000088200000| Untracked 
|  81|0x0000000088300000, 0x0000000088300000, 0x0000000088400000|  0%| F|  |TAMS 0x0000000088300000| PB 0x0000000088300000| Untracked 
|  82|0x0000000088400000, 0x0000000088400000, 0x0000000088500000|  0%| F|  |TAMS 0x0000000088400000| PB 0x0000000088400000| Untracked 
|  83|0x0000000088500000, 0x0000000088500000, 0x0000000088600000|  0%| F|  |TAMS 0x0000000088500000| PB 0x0000000088500000| Untracked 
|  84|0x0000000088600000, 0x0000000088600000, 0x0000000088700000|  0%| F|  |TAMS 0x0000000088600000| PB 0x0000000088600000| Untracked 
|  85|0x0000000088700000, 0x0000000088700000, 0x0000000088800000|  0%| F|  |TAMS 0x0000000088700000| PB 0x0000000088700000| Untracked 
|  86|0x0000000088800000, 0x0000000088800000, 0x0000000088900000|  0%| F|  |TAMS 0x0000000088800000| PB 0x0000000088800000| Untracked 
|  87|0x0000000088900000, 0x0000000088900000, 0x0000000088a00000|  0%| F|  |TAMS 0x0000000088900000| PB 0x0000000088900000| Untracked 
|  88|0x0000000088a00000, 0x0000000088a00000, 0x0000000088b00000|  0%| F|  |TAMS 0x0000000088a00000| PB 0x0000000088a00000| Untracked 
|  89|0x0000000088b00000, 0x0000000088b00000, 0x0000000088c00000|  0%| F|  |TAMS 0x0000000088b00000| PB 0x0000000088b00000| Untracked 
|  90|0x0000000088c00000, 0x0000000088c00000, 0x0000000088d00000|  0%| F|  |TAMS 0x0000000088c00000| PB 0x0000000088c00000| Untracked 
|  91|0x0000000088d00000, 0x0000000088d00000, 0x0000000088e00000|  0%| F|  |TAMS 0x0000000088d00000| PB 0x0000000088d00000| Untracked 
|  92|0x0000000088e00000, 0x0000000088e00000, 0x0000000088f00000|  0%| F|  |TAMS 0x0000000088e00000| PB 0x0000000088e00000| Untracked 
|  93|0x0000000088f00000, 0x0000000088f00000, 0x0000000089000000|  0%| F|  |TAMS 0x0000000088f00000| PB 0x0000000088f00000| Untracked 
|  94|0x0000000089000000, 0x0000000089000000, 0x0000000089100000|  0%| F|  |TAMS 0x0000000089000000| PB 0x0000000089000000| Untracked 
|  95|0x0000000089100000, 0x0000000089100000, 0x0000000089200000|  0%| F|  |TAMS 0x0000000089100000| PB 0x0000000089100000| Untracked 
|  96|0x0000000089200000, 0x0000000089200000, 0x0000000089300000|  0%| F|  |TAMS 0x0000000089200000| PB 0x0000000089200000| Untracked 
|  97|0x0000000089300000, 0x0000000089300000, 0x0000000089400000|  0%| F|  |TAMS 0x0000000089300000| PB 0x0000000089300000| Untracked 
|  98|0x0000000089400000, 0x0000000089400000, 0x0000000089500000|  0%| F|  |TAMS 0x0000000089400000| PB 0x0000000089400000| Untracked 
|  99|0x0000000089500000, 0x0000000089500000, 0x0000000089600000|  0%| F|  |TAMS 0x0000000089500000| PB 0x0000000089500000| Untracked 
| 100|0x0000000089600000, 0x0000000089700000, 0x0000000089700000|100%| S|CS|TAMS 0x0000000089600000| PB 0x0000000089600000| Complete 
| 101|0x0000000089700000, 0x0000000089800000, 0x0000000089800000|100%| S|CS|TAMS 0x0000000089700000| PB 0x0000000089700000| Complete 
| 102|0x0000000089800000, 0x0000000089900000, 0x0000000089900000|100%| S|CS|TAMS 0x0000000089800000| PB 0x0000000089800000| Complete 
| 103|0x0000000089900000, 0x0000000089900000, 0x0000000089a00000|  0%| F|  |TAMS 0x0000000089900000| PB 0x0000000089900000| Untracked 
| 104|0x0000000089a00000, 0x0000000089a00000, 0x0000000089b00000|  0%| F|  |TAMS 0x0000000089a00000| PB 0x0000000089a00000| Untracked 
| 105|0x0000000089b00000, 0x0000000089b00000, 0x0000000089c00000|  0%| F|  |TAMS 0x0000000089b00000| PB 0x0000000089b00000| Untracked 
| 106|0x0000000089c00000, 0x0000000089c00000, 0x0000000089d00000|  0%| F|  |TAMS 0x0000000089c00000| PB 0x0000000089c00000| Untracked 
| 107|0x0000000089d00000, 0x0000000089d00000, 0x0000000089e00000|  0%| F|  |TAMS 0x0000000089d00000| PB 0x0000000089d00000| Untracked 
| 108|0x0000000089e00000, 0x0000000089e00000, 0x0000000089f00000|  0%| F|  |TAMS 0x0000000089e00000| PB 0x0000000089e00000| Untracked 
| 109|0x0000000089f00000, 0x0000000089faeba0, 0x000000008a000000| 68%| E|  |TAMS 0x0000000089f00000| PB 0x0000000089f00000| Complete 
| 110|0x000000008a000000, 0x000000008a100000, 0x000000008a100000|100%| E|CS|TAMS 0x000000008a000000| PB 0x000000008a000000| Complete 
| 111|0x000000008a100000, 0x000000008a200000, 0x000000008a200000|100%| E|CS|TAMS 0x000000008a100000| PB 0x000000008a100000| Complete 
| 112|0x000000008a200000, 0x000000008a300000, 0x000000008a300000|100%| E|CS|TAMS 0x000000008a200000| PB 0x000000008a200000| Complete 
| 113|0x000000008a300000, 0x000000008a400000, 0x000000008a400000|100%| E|CS|TAMS 0x000000008a300000| PB 0x000000008a300000| Complete 
| 114|0x000000008a400000, 0x000000008a500000, 0x000000008a500000|100%| E|CS|TAMS 0x000000008a400000| PB 0x000000008a400000| Complete 
| 115|0x000000008a500000, 0x000000008a600000, 0x000000008a600000|100%| E|CS|TAMS 0x000000008a500000| PB 0x000000008a500000| Complete 
| 116|0x000000008a600000, 0x000000008a700000, 0x000000008a700000|100%| E|CS|TAMS 0x000000008a600000| PB 0x000000008a600000| Complete 
| 117|0x000000008a700000, 0x000000008a800000, 0x000000008a800000|100%| E|CS|TAMS 0x000000008a700000| PB 0x000000008a700000| Complete 
| 118|0x000000008a800000, 0x000000008a900000, 0x000000008a900000|100%| E|CS|TAMS 0x000000008a800000| PB 0x000000008a800000| Complete 
| 119|0x000000008a900000, 0x000000008aa00000, 0x000000008aa00000|100%| E|CS|TAMS 0x000000008a900000| PB 0x000000008a900000| Complete 
| 120|0x000000008aa00000, 0x000000008ab00000, 0x000000008ab00000|100%| E|  |TAMS 0x000000008aa00000| PB 0x000000008aa00000| Complete 
| 121|0x000000008ab00000, 0x000000008ac00000, 0x000000008ac00000|100%| E|CS|TAMS 0x000000008ab00000| PB 0x000000008ab00000| Complete 
| 122|0x000000008ac00000, 0x000000008ad00000, 0x000000008ad00000|100%| E|CS|TAMS 0x000000008ac00000| PB 0x000000008ac00000| Complete 
| 123|0x000000008ad00000, 0x000000008ae00000, 0x000000008ae00000|100%| E|CS|TAMS 0x000000008ad00000| PB 0x000000008ad00000| Complete 
| 124|0x000000008ae00000, 0x000000008af00000, 0x000000008af00000|100%| E|CS|TAMS 0x000000008ae00000| PB 0x000000008ae00000| Complete 
| 125|0x000000008af00000, 0x000000008b000000, 0x000000008b000000|100%| E|CS|TAMS 0x000000008af00000| PB 0x000000008af00000| Complete 

Card table byte_map: [0x000001d0285b0000,0x000001d0289a0000] _byte_map_base: 0x000001d028197000

Marking Bits: (CMBitMap*) 0x000001d010a74940
 Bits: [0x000001d0289a0000, 0x000001d02a8d8000)

Polling page: 0x000001d0101e0000

Metaspace:

Usage:
  Non-class:     13.34 MB used.
      Class:      1.80 MB used.
       Both:     15.14 MB used.

Virtual space:
  Non-class space:       64.00 MB reserved,      13.56 MB ( 21%) committed,  1 nodes.
      Class space:        1.00 GB reserved,       1.94 MB ( <1%) committed,  1 nodes.
             Both:        1.06 GB reserved,      15.50 MB (  1%) committed. 

Chunk freelists:
   Non-Class:  1.86 MB
       Class:  13.94 MB
        Both:  15.80 MB

MaxMetaspaceSize: unlimited
CompressedClassSpaceSize: 1.00 GB
Initial GC threshold: 21.00 MB
Current GC threshold: 21.00 MB
CDS: on
 - commit_granule_bytes: 65536.
 - commit_granule_words: 8192.
 - virtual_space_node_default_size: 8388608.
 - enlarge_chunks_in_place: 1.
 - use_allocation_guard: 0.


Internal statistics:

num_allocs_failed_limit: 0.
num_arena_births: 384.
num_arena_deaths: 0.
num_vsnodes_births: 2.
num_vsnodes_deaths: 0.
num_space_committed: 248.
num_space_uncommitted: 0.
num_chunks_returned_to_freelist: 0.
num_chunks_taken_from_freelist: 776.
num_chunk_merges: 0.
num_chunk_splits: 458.
num_chunks_enlarged: 278.
num_inconsistent_stats: 0.

CodeHeap 'non-profiled nmethods': size=120000Kb used=679Kb max_used=679Kb free=119320Kb
 bounds [0x000001d020950000, 0x000001d020bc0000, 0x000001d027e80000]
CodeHeap 'profiled nmethods': size=120000Kb used=3552Kb max_used=3552Kb free=116447Kb
 bounds [0x000001d018e80000, 0x000001d019200000, 0x000001d0203b0000]
CodeHeap 'non-nmethods': size=5760Kb used=1496Kb max_used=1505Kb free=4263Kb
 bounds [0x000001d0203b0000, 0x000001d020620000, 0x000001d020950000]
 total_blobs=2492 nmethods=1923 adapters=473
 compilation: enabled
              stopped_count=0, restarted_count=0
 full_count=0

Compilation events (20 events):
Event: 7.834 Thread 0x000001d02d325590 1886       3       java.lang.Module::allows (60 bytes)
Event: 7.835 Thread 0x000001d02d325590 nmethod 1886 0x000001d0191e3690 code [0x000001d0191e38a0, 0x000001d0191e3ec8]
Event: 7.835 Thread 0x000001d02d325590 1887       3       java.lang.invoke.MethodHandles$Lookup::checkField (58 bytes)
Event: 7.836 Thread 0x000001d02d325590 nmethod 1887 0x000001d0191e4010 code [0x000001d0191e4200, 0x000001d0191e4660]
Event: 7.836 Thread 0x000001d02d325590 1889       3       jdk.internal.org.objectweb.asm.SymbolTable::addConstant (330 bytes)
Event: 7.838 Thread 0x000001d02d325590 nmethod 1889 0x000001d0191e4810 code [0x000001d0191e4d80, 0x000001d0191e7df8]
Event: 7.838 Thread 0x000001d02d325590 1890       3       java.lang.Thread::onSpinWait (1 bytes)
Event: 7.838 Thread 0x000001d02d325590 nmethod 1890 0x000001d0191e8710 code [0x000001d0191e88a0, 0x000001d0191e8988]
Event: 7.839 Thread 0x000001d02d325590 1891       3       java.lang.Module::isExported (18 bytes)
Event: 7.839 Thread 0x000001d02d325590 nmethod 1891 0x000001d0191e8a10 code [0x000001d0191e8c00, 0x000001d0191e9000]
Event: 7.839 Thread 0x000001d02d325590 1893       3       java.lang.invoke.LambdaForm::methodType (48 bytes)
Event: 7.840 Thread 0x000001d02d325590 nmethod 1893 0x000001d0191e9190 code [0x000001d0191e9380, 0x000001d0191e9968]
Event: 7.840 Thread 0x000001d02d325590 1894       3       java.util.concurrent.locks.AbstractQueuedSynchronizer::release (19 bytes)
Event: 7.840 Thread 0x000001d02d325590 nmethod 1894 0x000001d0191e9c10 code [0x000001d0191e9e20, 0x000001d0191ea460]
Event: 7.840 Thread 0x000001d02d325590 1892   !   3       java.lang.invoke.LambdaForm::compileToBytecode (164 bytes)
Event: 7.841 Thread 0x000001d02d325590 nmethod 1892 0x000001d0191ea610 code [0x000001d0191ea880, 0x000001d0191eb1e0]
Event: 7.842 Thread 0x000001d02d325590 1899       3       java.lang.invoke.LambdaFormBuffer::changeName (149 bytes)
Event: 7.843 Thread 0x000001d02d325590 nmethod 1899 0x000001d0191eb510 code [0x000001d0191eb700, 0x000001d0191ebc28]
Event: 7.848 Thread 0x000001d02d325590 1901       3       java.util.Optional::of (12 bytes)
Event: 7.848 Thread 0x000001d02d325590 nmethod 1901 0x000001d0191ebe10 code [0x000001d0191ebfe0, 0x000001d0191ec398]

GC Heap History (2 events):
Event: 2.904 GC heap before
{Heap before GC invocations=0 (full 0):
 garbage-first heap   total 129024K, used 25600K [0x0000000083200000, 0x0000000100000000)
  region size 1024K, 23 young (23552K), 0 survivors (0K)
 Metaspace       used 8058K, committed 8320K, reserved 1114112K
  class space    used 915K, committed 1024K, reserved 1048576K
}
Event: 2.913 GC heap after
{Heap after GC invocations=1 (full 0):
 garbage-first heap   total 129024K, used 8560K [0x0000000083200000, 0x0000000100000000)
  region size 1024K, 3 young (3072K), 3 survivors (3072K)
 Metaspace       used 8058K, committed 8320K, reserved 1114112K
  class space    used 915K, committed 1024K, reserved 1048576K
}

Dll operation events (8 events):
Event: 0.040 Loaded shared library C:\Program Files\Java\jdk-21\bin\java.dll
Event: 0.167 Loaded shared library C:\Program Files\Java\jdk-21\bin\jsvml.dll
Event: 0.325 Loaded shared library C:\Program Files\Java\jdk-21\bin\net.dll
Event: 0.333 Loaded shared library C:\Program Files\Java\jdk-21\bin\nio.dll
Event: 0.340 Loaded shared library C:\Program Files\Java\jdk-21\bin\zip.dll
Event: 0.640 Loaded shared library C:\Program Files\Java\jdk-21\bin\jimage.dll
Event: 0.897 Loaded shared library C:\Program Files\Java\jdk-21\bin\extnet.dll
Event: 6.556 Loaded shared library C:\Program Files\Java\jdk-21\bin\sunmscapi.dll

Deoptimization events (20 events):
Event: 6.563 Thread 0x000001d00e8d69f0 DEOPT PACKING pc=0x000001d0209d35b4 sp=0x000000049c2faf90
Event: 6.563 Thread 0x000001d00e8d69f0 DEOPT UNPACKING pc=0x000001d0204046a2 sp=0x000000049c2faec8 mode 2
Event: 6.646 Thread 0x000001d00e8d69f0 Uncommon trap: trap_request=0xffffffde fr.pc=0x000001d0209b5c1c relative=0x000000000000033c
Event: 6.646 Thread 0x000001d00e8d69f0 Uncommon trap: reason=class_check action=maybe_recompile pc=0x000001d0209b5c1c method=java.util.regex.Pattern$BmpCharPropertyGreedy.match(Ljava/util/regex/Matcher;ILjava/lang/CharSequence;)Z @ 26 c2
Event: 6.646 Thread 0x000001d00e8d69f0 DEOPT PACKING pc=0x000001d0209b5c1c sp=0x000000049c2fce30
Event: 6.646 Thread 0x000001d00e8d69f0 DEOPT UNPACKING pc=0x000001d0204046a2 sp=0x000000049c2fcde8 mode 2
Event: 6.646 Thread 0x000001d00e8d69f0 Uncommon trap: trap_request=0xffffffde fr.pc=0x000001d0209b5c1c relative=0x000000000000033c
Event: 6.646 Thread 0x000001d00e8d69f0 Uncommon trap: reason=class_check action=maybe_recompile pc=0x000001d0209b5c1c method=java.util.regex.Pattern$BmpCharPropertyGreedy.match(Ljava/util/regex/Matcher;ILjava/lang/CharSequence;)Z @ 26 c2
Event: 6.646 Thread 0x000001d00e8d69f0 DEOPT PACKING pc=0x000001d0209b5c1c sp=0x000000049c2fce30
Event: 6.646 Thread 0x000001d00e8d69f0 DEOPT UNPACKING pc=0x000001d0204046a2 sp=0x000000049c2fcde8 mode 2
Event: 7.474 Thread 0x000001d073533310 Uncommon trap: trap_request=0xffffffde fr.pc=0x000001d0209b5c1c relative=0x000000000000033c
Event: 7.474 Thread 0x000001d073533310 Uncommon trap: reason=class_check action=maybe_recompile pc=0x000001d0209b5c1c method=java.util.regex.Pattern$BmpCharPropertyGreedy.match(Ljava/util/regex/Matcher;ILjava/lang/CharSequence;)Z @ 26 c2
Event: 7.474 Thread 0x000001d073533310 DEOPT PACKING pc=0x000001d0209b5c1c sp=0x000000049e2fe0d0
Event: 7.474 Thread 0x000001d073533310 DEOPT UNPACKING pc=0x000001d0204046a2 sp=0x000000049e2fe068 mode 2
Event: 7.508 Thread 0x000001d073533310 Uncommon trap: trap_request=0xffffff45 fr.pc=0x000001d020994688 relative=0x00000000000001a8
Event: 7.508 Thread 0x000001d073533310 Uncommon trap: reason=unstable_if action=reinterpret pc=0x000001d020994688 method=java.lang.invoke.VarHandle.checkAccessModeThenIsDirect(Ljava/lang/invoke/VarHandle$AccessDescriptor;)Z @ 4 c2
Event: 7.508 Thread 0x000001d073533310 DEOPT PACKING pc=0x000001d020994688 sp=0x000000049e2fe720
Event: 7.508 Thread 0x000001d073533310 DEOPT UNPACKING pc=0x000001d0204046a2 sp=0x000000049e2fe658 mode 2
Event: 7.649 Thread 0x000001d00e8d69f0 DEOPT PACKING pc=0x000001d018ec2a3c sp=0x000000049c2fbeb0
Event: 7.649 Thread 0x000001d00e8d69f0 DEOPT UNPACKING pc=0x000001d020404e42 sp=0x000000049c2fb340 mode 0

Classes loaded (20 events):
Event: 7.834 Loading class sun/nio/ch/SelectionKeyImpl
Event: 7.834 Loading class java/nio/channels/spi/AbstractSelectionKey
Event: 7.834 Loading class java/nio/channels/SelectionKey
Event: 7.834 Loading class java/nio/channels/SelectionKey done
Event: 7.834 Loading class java/nio/channels/spi/AbstractSelectionKey done
Event: 7.834 Loading class sun/nio/ch/SelectionKeyImpl done
Event: 7.835 Loading class java/lang/invoke/ConstantBootstraps
Event: 7.835 Loading class java/lang/invoke/ConstantBootstraps done
Event: 7.836 Loading class java/util/concurrent/CompletableFuture$UniRelay
Event: 7.836 Loading class java/util/concurrent/CompletableFuture$UniRelay done
Event: 7.844 Loading class sun/nio/ch/IOVecWrapper
Event: 7.845 Loading class sun/nio/ch/IOVecWrapper done
Event: 7.845 Loading class sun/nio/ch/AllocatedNativeObject
Event: 7.845 Loading class sun/nio/ch/NativeObject
Event: 7.845 Loading class sun/nio/ch/NativeObject done
Event: 7.845 Loading class sun/nio/ch/AllocatedNativeObject done
Event: 7.845 Loading class sun/nio/ch/IOVecWrapper$Deallocator
Event: 7.845 Loading class sun/nio/ch/IOVecWrapper$Deallocator done
Event: 7.850 Loading class java/util/concurrent/CompletableFuture$UniApply
Event: 7.850 Loading class java/util/concurrent/CompletableFuture$UniApply done

Classes unloaded (0 events):
No events

Classes redefined (0 events):
No events

Internal exceptions (20 events):
Event: 6.267 Thread 0x000001d00e8d69f0 Exception <a 'java/lang/NoSuchMethodError'{0x000000008ac3dae0}: 'int java.lang.invoke.DirectMethodHandle$Holder.invokeSpecial(java.lang.Object, java.lang.Object, java.lang.Object, java.lang.Object)'> (0x000000008ac3dae0) 
thrown [s\open\src\hotspot\share\interpreter\linkResolver.cpp, line 773]
Event: 6.269 Thread 0x000001d00e8d69f0 Exception <a 'java/lang/NoSuchMethodError'{0x000000008ac4e7d0}: 'java.lang.Object java.lang.invoke.DirectMethodHandle$Holder.invokeStatic(java.lang.Object, int, java.lang.Object, java.lang.Object)'> (0x000000008ac4e7d0) 
thrown [s\open\src\hotspot\share\interpreter\linkResolver.cpp, line 773]
Event: 6.269 Thread 0x000001d00e8d69f0 Exception <a 'java/lang/NoSuchMethodError'{0x000000008ac526b0}: 'java.lang.Object java.lang.invoke.DirectMethodHandle$Holder.invokeSpecial(java.lang.Object, java.lang.Object, int, java.lang.Object, java.lang.Object)'> (0x000000008ac526b0) 
thrown [s\open\src\hotspot\share\interpreter\linkResolver.cpp, line 773]
Event: 6.269 Thread 0x000001d00e8d69f0 Exception <a 'java/lang/NoSuchMethodError'{0x000000008ac55e10}: 'java.lang.Object java.lang.invoke.DelegatingMethodHandle$Holder.delegate(java.lang.Object, int, java.lang.Object, java.lang.Object)'> (0x000000008ac55e10) 
thrown [s\open\src\hotspot\share\interpreter\linkResolver.cpp, line 773]
Event: 6.272 Thread 0x000001d00e8d69f0 Exception <a 'java/lang/NoSuchMethodError'{0x000000008ac653d0}: 'int java.lang.invoke.Invokers$Holder.linkToTargetMethod(java.lang.Object, java.lang.Object, java.lang.Object)'> (0x000000008ac653d0) 
thrown [s\open\src\hotspot\share\interpreter\linkResolver.cpp, line 773]
Event: 6.275 Thread 0x000001d00e8d69f0 Exception <a 'java/lang/NoSuchMethodError'{0x000000008ac743e0}: 'long java.lang.invoke.DirectMethodHandle$Holder.invokeSpecial(java.lang.Object, java.lang.Object)'> (0x000000008ac743e0) 
thrown [s\open\src\hotspot\share\interpreter\linkResolver.cpp, line 773]
Event: 6.331 Thread 0x000001d00e8d69f0 Exception <a 'sun/nio/fs/WindowsException'{0x000000008ab4bd28}> (0x000000008ab4bd28) 
thrown [s\open\src\hotspot\share\prims\jni.cpp, line 520]
Event: 6.643 Thread 0x000001d00e8d69f0 Exception <a 'java/lang/NoSuchMethodError'{0x000000008a452570}: 'java.lang.Object java.lang.invoke.DirectMethodHandle$Holder.invokeInterface(java.lang.Object, java.lang.Object, java.lang.Object)'> (0x000000008a452570) 
thrown [s\open\src\hotspot\share\interpreter\linkResolver.cpp, line 773]
Event: 6.644 Thread 0x000001d00e8d69f0 Exception <a 'java/lang/IncompatibleClassChangeError'{0x000000008a455958}: Found class java.lang.Object, but interface was expected> (0x000000008a455958) 
thrown [s\open\src\hotspot\share\interpreter\linkResolver.cpp, line 840]
Event: 6.645 Thread 0x000001d00e8d69f0 Exception <a 'java/lang/NoSuchMethodError'{0x000000008a45cdc0}: 'int java.lang.invoke.DirectMethodHandle$Holder.invokeSpecialIFC(java.lang.Object, java.lang.Object, java.lang.Object, java.lang.Object)'> (0x000000008a45cdc0) 
thrown [s\open\src\hotspot\share\interpreter\linkResolver.cpp, line 773]
Event: 6.649 Thread 0x000001d00e8d69f0 Exception <a 'java/lang/NoSuchMethodError'{0x000000008a481000}: 'java.lang.Object java.lang.invoke.DirectMethodHandle$Holder.invokeVirtual(java.lang.Object, java.lang.Object, java.lang.Object, java.lang.Object)'> (0x000000008a481000) 
thrown [s\open\src\hotspot\share\interpreter\linkResolver.cpp, line 773]
Event: 7.509 Thread 0x000001d073533310 Exception <a 'java/net/ConnectException'{0x000000008a32eb60}: Connection refused: getsockopt> (0x000000008a32eb60) 
thrown [s\open\src\hotspot\share\prims\jni.cpp, line 539]
Event: 7.529 Thread 0x000001d073533310 Exception <a 'java/net/ConnectException'{0x000000008a32fc50}: Connection refused: getsockopt> (0x000000008a32fc50) 
thrown [s\open\src\hotspot\share\prims\jni.cpp, line 539]
Event: 7.559 Thread 0x000001d073533310 Exception <a 'java/net/ConnectException'{0x000000008a330b68}: Connection refused: getsockopt> (0x000000008a330b68) 
thrown [s\open\src\hotspot\share\prims\jni.cpp, line 539]
Event: 7.675 Thread 0x000001d00e8d69f0 Exception <a 'java/lang/NoSuchMethodError'{0x000000008a3de3c8}: 'java.lang.Object java.lang.invoke.DirectMethodHandle$Holder.newInvokeSpecial(java.lang.Object, java.lang.Object, int, int)'> (0x000000008a3de3c8) 
thrown [s\open\src\hotspot\share\interpreter\linkResolver.cpp, line 773]
Event: 7.676 Thread 0x000001d00e8d69f0 Exception <a 'java/lang/NoSuchMethodError'{0x000000008a3e88a0}: 'void java.lang.invoke.DirectMethodHandle$Holder.invokeStatic(java.lang.Object, java.lang.Object, int)'> (0x000000008a3e88a0) 
thrown [s\open\src\hotspot\share\interpreter\linkResolver.cpp, line 773]
Event: 7.721 Thread 0x000001d00e8d69f0 Exception <a 'java/lang/NoSuchMethodError'{0x000000008a2a4ff8}: 'java.lang.Object java.lang.invoke.DirectMethodHandle$Holder.newInvokeSpecial(java.lang.Object, java.lang.Object, java.lang.Object, java.lang.Object, java.lang.Object)'> (0x000000008a2a4ff8) 
thrown [s\open\src\hotspot\share\interpreter\linkResolver.cpp, line 773]
Event: 7.808 Thread 0x000001d07368b980 Exception <a 'java/lang/NoSuchMethodError'{0x000000008a1abb78}: 'java.lang.Object java.lang.invoke.DirectMethodHandle$Holder.invokeSpecial(java.lang.Object, java.lang.Object, java.lang.Object, java.lang.Object, int)'> (0x000000008a1abb78) 
thrown [s\open\src\hotspot\share\interpreter\linkResolver.cpp, line 773]
Event: 7.809 Thread 0x000001d07368b980 Exception <a 'java/lang/NoSuchMethodError'{0x000000008a1af700}: 'java.lang.Object java.lang.invoke.Invokers$Holder.linkToTargetMethod(java.lang.Object, java.lang.Object, int, java.lang.Object)'> (0x000000008a1af700) 
thrown [s\open\src\hotspot\share\interpreter\linkResolver.cpp, line 773]
Event: 7.827 Thread 0x000001d07368b980 Exception <a 'java/lang/NoSuchMethodError'{0x000000008a1eea78}: 'void java.lang.invoke.DirectMethodHandle$Holder.invokeSpecial(java.lang.Object, java.lang.Object, java.lang.Object, java.lang.Object, java.lang.Object)'> (0x000000008a1eea78) 
thrown [s\open\src\hotspot\share\interpreter\linkResolver.cpp, line 773]

ZGC Phase Switch (0 events):
No events

VM Operations (20 events):
Event: 2.903 Executing VM operation: G1CollectForAllocation (G1 Evacuation Pause)
Event: 2.913 Executing VM operation: G1CollectForAllocation (G1 Evacuation Pause) done
Event: 3.922 Executing VM operation: Cleanup
Event: 3.922 Executing VM operation: Cleanup done
Event: 6.257 Executing VM operation: HandshakeAllThreads (Deoptimize)
Event: 6.257 Executing VM operation: HandshakeAllThreads (Deoptimize) done
Event: 6.257 Executing VM operation: Cleanup
Event: 6.257 Executing VM operation: Cleanup done
Event: 6.291 Executing VM operation: HandshakeAllThreads (Deoptimize)
Event: 6.291 Executing VM operation: HandshakeAllThreads (Deoptimize) done
Event: 6.333 Executing VM operation: HandshakeAllThreads (Deoptimize)
Event: 6.333 Executing VM operation: HandshakeAllThreads (Deoptimize) done
Event: 6.418 Executing VM operation: HandshakeAllThreads (Deoptimize)
Event: 6.418 Executing VM operation: HandshakeAllThreads (Deoptimize) done
Event: 7.429 Executing VM operation: Cleanup
Event: 7.445 Executing VM operation: Cleanup done
Event: 7.629 Executing VM operation: HandshakeAllThreads (Deoptimize)
Event: 7.629 Executing VM operation: HandshakeAllThreads (Deoptimize) done
Event: 7.691 Executing VM operation: HandshakeAllThreads (Deoptimize)
Event: 7.692 Executing VM operation: HandshakeAllThreads (Deoptimize) done

Events (20 events):
Event: 0.159 Thread 0x000001d02d318560 Thread added: 0x000001d02d318560
Event: 0.159 Thread 0x000001d02d318fc0 Thread added: 0x000001d02d318fc0
Event: 0.159 Thread 0x000001d02d31ddd0 Thread added: 0x000001d02d31ddd0
Event: 0.160 Thread 0x000001d02d323190 Thread added: 0x000001d02d323190
Event: 0.160 Thread 0x000001d02d325590 Thread added: 0x000001d02d325590
Event: 0.313 Thread 0x000001d02d580010 Thread added: 0x000001d02d580010
Event: 0.317 Thread 0x000001d02d586000 Thread added: 0x000001d02d586000
Event: 0.914 Thread 0x000001d073220740 Thread added: 0x000001d073220740
Event: 2.924 Thread 0x000001d02d6fd390 Thread added: 0x000001d02d6fd390
Event: 6.154 Thread 0x000001d02d6fd390 Thread exited: 0x000001d02d6fd390
Event: 6.219 Thread 0x000001d02d4aafd0 Thread added: 0x000001d02d4aafd0
Event: 6.626 Thread 0x000001d073932040 Thread added: 0x000001d073932040
Event: 7.406 Thread 0x000001d02d631a40 Thread added: 0x000001d02d631a40
Event: 7.416 Thread 0x000001d0734fc040 Thread added: 0x000001d0734fc040
Event: 7.417 Thread 0x000001d0734fc6b0 Thread added: 0x000001d0734fc6b0
Event: 7.456 Thread 0x000001d073533310 Thread added: 0x000001d073533310
Event: 7.629 Thread 0x000001d073689f40 Thread added: 0x000001d073689f40
Event: 7.795 Thread 0x000001d07368b980 Thread added: 0x000001d07368b980
Event: 7.839 Thread 0x000001d07368a5d0 Thread added: 0x000001d07368a5d0
Event: 7.839 Thread 0x000001d073688500 Thread added: 0x000001d073688500


Dynamic libraries:
0x00007ff7e5d50000 - 0x00007ff7e5d60000 	C:\Program Files\Java\jdk-21\bin\javaw.exe
0x00007ffdb6f30000 - 0x00007ffdb7144000 	C:\WINDOWS\SYSTEM32\ntdll.dll
0x00007ffdb5cf0000 - 0x00007ffdb5db2000 	C:\WINDOWS\System32\KERNEL32.DLL
0x00007ffdb4700000 - 0x00007ffdb4aa3000 	C:\WINDOWS\System32\KERNELBASE.dll
0x00007ffdb4ab0000 - 0x00007ffdb4bc1000 	C:\WINDOWS\System32\ucrtbase.dll
0x00007ffd9c680000 - 0x00007ffd9c69b000 	C:\Program Files\Java\jdk-21\bin\VCRUNTIME140.dll
0x00007ffdacfb0000 - 0x00007ffdacfc9000 	C:\Program Files\Java\jdk-21\bin\jli.dll
0x00007ffdb6100000 - 0x00007ffdb61ae000 	C:\WINDOWS\System32\ADVAPI32.dll
0x00007ffdb6e40000 - 0x00007ffdb6ee7000 	C:\WINDOWS\System32\msvcrt.dll
0x00007ffdb6d90000 - 0x00007ffdb6e34000 	C:\WINDOWS\System32\sechost.dll
0x00007ffdb5e60000 - 0x00007ffdb5f77000 	C:\WINDOWS\System32\RPCRT4.dll
0x00007ffdb6be0000 - 0x00007ffdb6d8b000 	C:\WINDOWS\System32\USER32.dll
0x00007ffdb43d0000 - 0x00007ffdb43f6000 	C:\WINDOWS\System32\win32u.dll
0x00007ffdb5fa0000 - 0x00007ffdb5fc9000 	C:\WINDOWS\System32\GDI32.dll
0x00007ffdb4470000 - 0x00007ffdb4589000 	C:\WINDOWS\System32\gdi32full.dll
0x00007ffdb4330000 - 0x00007ffdb43ca000 	C:\WINDOWS\System32\msvcp_win.dll
0x00007ffdb3680000 - 0x00007ffdb390e000 	C:\WINDOWS\WinSxS\amd64_microsoft.windows.common-controls_6595b64144ccf1df_6.0.22621.1635_none_270f70857386168e\COMCTL32.dll
0x00007ffdb2730000 - 0x00007ffdb273a000 	C:\WINDOWS\SYSTEM32\VERSION.dll
0x00007ffdb5110000 - 0x00007ffdb5141000 	C:\WINDOWS\System32\IMM32.DLL
0x00007ffdace30000 - 0x00007ffdace3c000 	C:\Program Files\Java\jdk-21\bin\vcruntime140_1.dll
0x00007ffd7d390000 - 0x00007ffd7d41e000 	C:\Program Files\Java\jdk-21\bin\msvcp140.dll
0x00007ffd5bf90000 - 0x00007ffd5cca7000 	C:\Program Files\Java\jdk-21\bin\server\jvm.dll
0x00007ffdb4ea0000 - 0x00007ffdb4f11000 	C:\WINDOWS\System32\WS2_32.dll
0x00007ffdaead0000 - 0x00007ffdaeb04000 	C:\WINDOWS\SYSTEM32\WINMM.dll
0x00007ffdb3c60000 - 0x00007ffdb3cad000 	C:\WINDOWS\SYSTEM32\POWRPROF.dll
0x00007ffdb3ae0000 - 0x00007ffdb3af3000 	C:\WINDOWS\SYSTEM32\UMPDC.dll
0x00007ffdb24d0000 - 0x00007ffdb24e8000 	C:\WINDOWS\SYSTEM32\kernel.appcore.dll
0x00007ffdacd90000 - 0x00007ffdacd9a000 	C:\Program Files\Java\jdk-21\bin\jimage.dll
0x00007ffdb3cb0000 - 0x00007ffdb3ede000 	C:\WINDOWS\SYSTEM32\DBGHELP.DLL
0x00007ffdb6850000 - 0x00007ffdb6bd9000 	C:\WINDOWS\System32\combase.dll
0x00007ffdb5030000 - 0x00007ffdb5107000 	C:\WINDOWS\System32\OLEAUT32.dll
0x00007ffdb3b00000 - 0x00007ffdb3b32000 	C:\WINDOWS\SYSTEM32\dbgcore.DLL
0x00007ffdb4bd0000 - 0x00007ffdb4c4b000 	C:\WINDOWS\System32\bcryptPrimitives.dll
0x00007ffd9bbb0000 - 0x00007ffd9bbcf000 	C:\Program Files\Java\jdk-21\bin\java.dll
0x00007ffdb5250000 - 0x00007ffdb5a4a000 	C:\WINDOWS\System32\SHELL32.dll
0x00007ffdb13e0000 - 0x00007ffdb1cae000 	C:\WINDOWS\SYSTEM32\windows.storage.dll
0x00007ffdb12a0000 - 0x00007ffdb13de000 	C:\WINDOWS\SYSTEM32\wintypes.dll
0x00007ffdb5a50000 - 0x00007ffdb5b41000 	C:\WINDOWS\System32\SHCORE.dll
0x00007ffdb4fc0000 - 0x00007ffdb501e000 	C:\WINDOWS\System32\shlwapi.dll
0x00007ffdb4260000 - 0x00007ffdb4281000 	C:\WINDOWS\SYSTEM32\profapi.dll
0x00007ffd7d2b0000 - 0x00007ffd7d387000 	C:\Program Files\Java\jdk-21\bin\jsvml.dll
0x00007ffdacd60000 - 0x00007ffdacd70000 	C:\Program Files\Java\jdk-21\bin\net.dll
0x00007ffdab850000 - 0x00007ffdab987000 	C:\WINDOWS\SYSTEM32\WINHTTP.dll
0x00007ffdb2920000 - 0x00007ffdb2989000 	C:\WINDOWS\system32\mswsock.dll
0x00007ffd9b9d0000 - 0x00007ffd9b9e6000 	C:\Program Files\Java\jdk-21\bin\nio.dll
0x00007ffd9b070000 - 0x00007ffd9b088000 	C:\Program Files\Java\jdk-21\bin\zip.dll
0x00007ffdb2040000 - 0x00007ffdb2133000 	C:\WINDOWS\SYSTEM32\DNSAPI.dll
0x00007ffdb1fc0000 - 0x00007ffdb1fed000 	C:\WINDOWS\SYSTEM32\IPHLPAPI.DLL
0x00007ffdb4d60000 - 0x00007ffdb4d69000 	C:\WINDOWS\System32\NSI.dll
0x00007ffda21d0000 - 0x00007ffda21da000 	C:\Windows\System32\rasadhlp.dll
0x00007ffda6910000 - 0x00007ffda6994000 	C:\WINDOWS\System32\fwpuclnt.dll
0x00007ffd9bac0000 - 0x00007ffd9bac9000 	C:\Program Files\Java\jdk-21\bin\extnet.dll
0x00007ffdb3fd0000 - 0x00007ffdb3feb000 	C:\WINDOWS\SYSTEM32\CRYPTSP.dll
0x00007ffdb2430000 - 0x00007ffdb2465000 	C:\WINDOWS\system32\rsaenh.dll
0x00007ffdb33f0000 - 0x00007ffdb3418000 	C:\WINDOWS\SYSTEM32\USERENV.dll
0x00007ffdb3b60000 - 0x00007ffdb3b88000 	C:\WINDOWS\SYSTEM32\bcrypt.dll
0x00007ffdb3420000 - 0x00007ffdb342c000 	C:\WINDOWS\SYSTEM32\CRYPTBASE.dll
0x00007ffd9b990000 - 0x00007ffd9b99e000 	C:\Program Files\Java\jdk-21\bin\sunmscapi.dll
0x00007ffdb4590000 - 0x00007ffdb46f7000 	C:\WINDOWS\System32\CRYPT32.dll
0x00007ffdb3560000 - 0x00007ffdb358e000 	C:\WINDOWS\SYSTEM32\ncrypt.dll
0x00007ffdb3520000 - 0x00007ffdb3557000 	C:\WINDOWS\SYSTEM32\NTASN1.dll
0x00007ffd6af90000 - 0x00007ffd6af98000 	C:\WINDOWS\system32\wshunix.dll
0x00007ffd8c040000 - 0x00007ffd8c057000 	C:\WINDOWS\system32\napinsp.dll
0x00007ffd8bf00000 - 0x00007ffd8bf1b000 	C:\WINDOWS\system32\pnrpnsp.dll
0x00007ffd8bee0000 - 0x00007ffd8bef1000 	C:\WINDOWS\System32\winrnr.dll
0x00007ffd8bec0000 - 0x00007ffd8bed5000 	C:\WINDOWS\system32\wshbth.dll
0x00007ffd8be90000 - 0x00007ffd8beb1000 	C:\WINDOWS\system32\nlansp_c.dll

dbghelp: loaded successfully - version: 4.0.5 - missing functions: none
symbol engine: initialized successfully - sym options: 0x614 - pdb path: .;C:\Program Files\Java\jdk-21\bin;C:\WINDOWS\SYSTEM32;C:\WINDOWS\WinSxS\amd64_microsoft.windows.common-controls_6595b64144ccf1df_6.0.22621.1635_none_270f70857386168e;C:\Program Files\Java\jdk-21\bin\server

VM Arguments:
jvm_args: -ea -Dfile.encoding=UTF-8 -XX:+ShowCodeDetailsInExceptionMessages 
java_command: org.testng.remote.RemoteTestNG -serport 51171 -protocol json -d D:\VelocityTraining\Setup\Eclipse_IDE_2021_12\Eclips_WorkSpace_2021_12\TestNGFrameworkByArunMotoori\test-output C:\Users\MANISH~1\AppData\Local\Temp\testng-eclipse-257516823\testng-customsuite.xml
java_class_path (initial): C:\Users\Manish Jadhav\eclipse\java-2021-12\eclipse\configuration\org.eclipse.osgi\737\0\.cp\lib\testng-remote.jar;D:\VelocityTraining\Setup\Eclipse_IDE_2021_12\Eclips_WorkSpace_2021_12\TestNGFrameworkByArunMotoori\target\test-classes;D:\VelocityTraining\Setup\Eclipse_IDE_2021_12\Eclips_WorkSpace_2021_12\TestNGFrameworkByArunMotoori\target\classes;C:\Users\Manish Jadhav\.m2\repository\org\seleniumhq\selenium\selenium-java\4.18.0\selenium-java-4.18.0.jar;C:\Users\Manish Jadhav\.m2\repository\org\seleniumhq\selenium\selenium-api\4.18.0\selenium-api-4.18.0.jar;C:\Users\Manish Jadhav\.m2\repository\org\seleniumhq\selenium\selenium-chrome-driver\4.18.0\selenium-chrome-driver-4.18.0.jar;C:\Users\Manish Jadhav\.m2\repository\com\google\auto\service\auto-service-annotations\1.1.1\auto-service-annotations-1.1.1.jar;C:\Users\Manish Jadhav\.m2\repository\org\seleniumhq\selenium\selenium-chromium-driver\4.18.0\selenium-chromium-driver-4.18.0.jar;C:\Users\Manish Jadhav\.m2\repository\org\seleniumhq\selenium\selenium-json\4.18.0\selenium-json-4.18.0.jar;C:\Users\Manish Jadhav\.m2\repository\org\seleniumhq\selenium\selenium-manager\4.18.0\selenium-manager-4.18.0.jar;C:\Users\Manish Jadhav\.m2\repository\org\seleniumhq\selenium\selenium-devtools-v119\4.18.0\selenium-devtools-v119-4.18.0.jar;C:\Users\Manish Jadhav\.m2\repository\org\seleniumhq\selenium\selenium-devtools-v120\4.18.0\selenium-devtools-v120-4.18.0.jar;C:\Users\Manish Jadhav\.m2\repository\org\seleniumhq\selenium\selenium-devtools-v121\4.18.0\selenium-devtools-v121-4.18.0.jar;C:\Users\Manish Jadhav\.m2\repository\org\seleniumhq\selenium\selenium-devtools-v85\4.18.0\selenium-devtools-v85-4.18.0.jar;C:\Users\Manish Jadhav\.m2\repository\org\seleniumhq\selenium\selenium-edge-driver\4.18.0\selenium-edge-driver-4.18.0.jar;C:\Users\Manish Jadhav\.m2\repository\org\seleniumhq\selenium\selenium-firefox-driver\4.18.0\selenium-firefox-driver-4.18.0.jar;C:\Users\Manish Jadhav\.m2\repository\org\seleniumhq\selenium\selenium-http\4.18.0\selenium-http-4.18.0.jar;C:\Users\Manish Jadhav\.m2\repository\dev\failsafe\failsafe\3.3.2\failsafe-3.3.2.jar;C:\Users\Manish Jadhav\.m2\repository\org\seleniumhq\selenium\selenium-ie-driver\4.18.0\selenium-ie-driver-4.18.0.jar;C:\Users\Manish Jadhav\.m2\repository\org\seleniumhq\selenium\selenium-remote-driver\4.18.0\selenium-remote-driver-4.18.0.jar;C:\Users\Manish Jadhav\.m2\repository\com\google\guava\guava\33.0.0-jre\guava-33.0.0-jre.jar;C:\Users\Manish Jadhav\.m2\repository\com\google\guava\failureaccess\1.0.2\failureaccess-1.0.2.jar;C:\Users\Manish Jadhav\.m2\repository\com\google\guava\listenablefuture\9999.0-empty-to-avoid-conflict-with-guava\listenablefuture-9999.0-empty-to-avoid-conflict-with-guava.jar;C:\Users\Manish Jadhav\.m2\repository\com\google\code\findbugs\jsr305\3.0.2\jsr305-3.0.2.jar;C:\Users\Manish Jadhav\.m2\repository\org\checkerframework\checker-qual\3.41.0\checker-qual-3.41.0.jar;C:\Users\Manish Jadhav\.m2\repository\com\google\errorprone\error_prone_annotations\2.23.0\error_prone_annotations-2.23.0.jar;C:\Users\Manish Jadhav\.m2\repository\com\google\j2objc\j2objc-annotations\2.8\j2objc-annotations-2.8.jar;C:\Users\Manish Jadhav\.m2\repository\io\opentelemetry\semconv\opentelemetry-semconv\1.23.1-alpha\opentelemetry-semconv-1.23.1-alpha.jar;C:\Users\Manish Jadhav\.m2\repository\io\opentelemetry\opentelemetry-api\1.35.0\opentelemetry-api-1.35.0.jar;C:\Users\Manish Jadhav\.m2\repository\io\opentelemetry\opentelemetry-context\1.35.0\opentelemetry-context-1.35.0.jar;C:\Users\Manish Jadhav\.m2\repository\io\opentelemetry\opentelemetry-exporter-logging\1.35.0\opentelemetry-exporter-logging-1.35.0.jar;C:\Users\Manish Jadhav\.m2\repository\io\opentelemetry\opentelemetry-sdk-common\1.35.0\opentelemetry-sdk-common-1.35.0.jar;C:\Users\Manish Jadhav\.m2\repository\io\opentelemetry\opentelemetry-sdk-extension-autoconfigure-spi\1.35.0\opentelemetry-sdk-extension-autoconfigure-spi-1.35.0.jar;C:\Users\Manish Jadhav\.m2\repository\io\opentelemetry\opentelemetry-sdk-extension-autoconfigure\1.35.0\opentelemetry-sdk-extension-autoconfigure-1.35.0.jar;C:\Users\Manish Jadhav\.m2\repository\io\opentelemetry\opentelemetry-api-events\1.35.0-alpha\opentelemetry-api-events-1.35.0-alpha.jar;C:\Users\Manish Jadhav\.m2\repository\io\opentelemetry\opentelemetry-sdk-trace\1.35.0\opentelemetry-sdk-trace-1.35.0.jar;C:\Users\Manish Jadhav\.m2\repository\io\opentelemetry\opentelemetry-extension-incubator\1.35.0-alpha\opentelemetry-extension-incubator-1.35.0-alpha.jar;C:\Users\Manish Jadhav\.m2\repository\io\opentelemetry\opentelemetry-sdk\1.35.0\opentelemetry-sdk-1.35.0.jar;C:\Users\Manish Jadhav\.m2\repository\io\opentelemetry\opentelemetry-sdk-metrics\1.35.0\opentelemetry-sdk-metrics-1.35.0.jar;C:\Users\Manish Jadhav\.m2\repository\io\opentelemetry\opentelemetry-sdk-logs\1.35.0\opentelemetry-sdk-logs-1.35.0.jar;C:\Users\Manish Jadhav\.m2\repository\net\bytebuddy\byte-buddy\1.14.12\byte-buddy-1.14.12.jar;C:\Users\Manish Jadhav\.m2\repository\org\seleniumhq\selenium\selenium-os\4.18.0\selenium-os-4.18.0.jar;C:\Users\Manish Jadhav\.m2\repository\org\apache\commons\commons-exec\1.3\commons-exec-1.3.jar;C:\Users\Manish Jadhav\.m2\repository\org\seleniumhq\selenium\selenium-safari-driver\4.18.0\selenium-safari-driver-4.18.0.jar;C:\Users\Manish Jadhav\.m2\repository\org\seleniumhq\selenium\selenium-support\4.18.0\selenium-support-4.18.0.jar;C:\Users\Manish Jadhav\.m2\repository\org\apache\poi\poi-ooxml\4.1.2\poi-ooxml-4.1.2.jar;C:\Users\Manish Jadhav\.m2\repository\org\apache\poi\poi\4.1.2\poi-4.1.2.jar;C:\Users\Manish Jadhav\.m2\repository\commons-codec\commons-codec\1.13\commons-codec-1.13.jar;C:\Users\Manish Jadhav\.m2\repository\org\apache\commons\commons-collections4\4.4\commons-collections4-4.4.jar;C:\Users\Manish Jadhav\.m2\repository\org\apache\commons\commons-math3\3.6.1\commons-math3-3.6.1.jar;C:\Users\Manish Jadhav\.m2\repository\com\zaxxer\SparseBitSet\1.2\SparseBitSet-1.2.jar;C:\Users\Manish Jadhav\.m2\repository\org\apache\poi\poi-ooxml-schemas\4.1.2\poi-ooxml-schemas-4.1.2.jar;C:\Users\Manish Jadhav\.m2\repository\org\apache\xmlbeans\xmlbeans\3.1.0\xmlbeans-3.1.0.jar;C:\Users\Manish Jadhav\.m2\repository\org\apache\commons\commons-compress\1.19\commons-compress-1.19.jar;C:\Users\Manish Jadhav\.m2\repository\com\github\virtuald\curvesapi\1.06\curvesapi-1.06.jar;C:\Users\Manish Jadhav\.m2\repository\org\testng\testng\7.4.0\testng-7.4.0.jar;C:\Users\Manish Jadhav\.m2\repository\com\beust\jcommander\1.78\jcommander-1.78.jar;C:\Users\Manish Jadhav\.m2\repository\org\webjars\jquery\3.5.1\jquery-3.5.1.jar;C:\Users\Manish Jadhav\.m2\repository\io\github\bonigarcia\webdrivermanager\5.6.3\webdrivermanager-5.6.3.jar;C:\Users\Manish Jadhav\.m2\repository\org\slf4j\slf4j-api\2.0.10\slf4j-api-2.0.10.jar;C:\Users\Manish Jadhav\.m2\repository\com\google\code\gson\gson\2.10.1\gson-2.10.1.jar;C:\Users\Manish Jadhav\.m2\repository\com\github\docker-java\docker-java\3.3.4\docker-java-3.3.4.jar;C:\Users\Manish Jadhav\.m2\repository\com\github\docker-java\docker-java-core\3.3.4\docker-java-core-3.3.4.jar;C:\Users\Manish Jadhav\.m2\repository\com\github\docker-java\docker-java-api\3.3.4\docker-java-api-3.3.4.jar;C:\Users\Manish Jadhav\.m2\repository\com\fasterxml\jackson\core\jackson-annotations\2.10.3\jackson-annotations-2.10.3.jar;C:\Users\Manish Jadhav\.m2\repository\commons-io\commons-io\2.13.0\commons-io-2.13.0.jar;C:\Users\Manish Jadhav\.m2\repository\com\fasterxml\jackson\core\jackson-databind\2.10.3\jackson-databind-2.10.3.jar;C:\Users\Manish Jadhav\.m2\repository\com\fasterxml\jackson\core\jackson-core\2.10.3\jackson-core-2.10.3.jar;C:\Users\Manish Jadhav\.m2\repository\org\bouncycastle\bcpkix-jdk18on\1.76\bcpkix-jdk18on-1.76.jar;C:\Users\Manish Jadhav\.m2\repository\org\bouncycastle\bcprov-jdk18on\1.76\bcprov-jdk18on-1.76.jar;C:\Users\Manish Jadhav\.m2\repository\org\bouncycastle\bcutil-jdk18on\1.76\bcutil-jdk18on-1.76.jar;C:\Users\Manish Jadhav\.m2\repository\org\slf4j\jcl-over-slf4j\1.7.30\jcl-over-slf4j-1.7.30.jar;C:\Users\Manish Jadhav\.m2\repository\com\github\docker-java\docker-java-transport-httpclient5\3.3.4\docker-java-transport-httpclient5-3.3.4.jar;C:\Users\Manish Jadhav\.m2\repository\com\github\docker-java\docker-java-transport\3.3.4\docker-java-transport-3.3.4.jar;C:\Users\Manish Jadhav\.m2\repository\net\java\dev\jna\jna\5.13.0\jna-5.13.0.jar;C:\Users\Manish Jadhav\.m2\repository\org\brotli\dec\0.1.2\dec-0.1.2.jar;C:\Users\Manish Jadhav\.m2\repository\org\apache\commons\commons-lang3\3.14.0\commons-lang3-3.14.0.jar;C:\Users\Manish Jadhav\.m2\repository\org\apache\httpcomponents\client5\httpclient5\5.2.1\httpclient5-5.2.1.jar;C:\Users\Manish Jadhav\.m2\repository\org\apache\httpcomponents\core5\httpcore5\5.2\httpcore5-5.2.jar;C:\Users\Manish Jadhav\.m2\repository\org\apache\httpcomponents\core5\httpcore5-h2\5.2\httpcore5-h2-5.2.jar
Launcher Type: SUN_STANDARD

[Global flags]
     intx CICompilerCount                          = 4                                         {product} {ergonomic}
     uint ConcGCThreads                            = 2                                         {product} {ergonomic}
     uint G1ConcRefinementThreads                  = 8                                         {product} {ergonomic}
   size_t G1HeapRegionSize                         = 1048576                                   {product} {ergonomic}
    uintx GCDrainStackTargetSize                   = 64                                        {product} {ergonomic}
   size_t InitialHeapSize                          = 132120576                                 {product} {ergonomic}
   size_t MarkStackSize                            = 4194304                                   {product} {ergonomic}
   size_t MaxHeapSize                              = 2095054848                                {product} {ergonomic}
   size_t MaxNewSize                               = 1256194048                                {product} {ergonomic}
   size_t MinHeapDeltaBytes                        = 1048576                                   {product} {ergonomic}
   size_t MinHeapSize                              = 8388608                                   {product} {ergonomic}
    uintx NonNMethodCodeHeapSize                   = 5839372                                {pd product} {ergonomic}
    uintx NonProfiledCodeHeapSize                  = 122909434                              {pd product} {ergonomic}
    uintx ProfiledCodeHeapSize                     = 122909434                              {pd product} {ergonomic}
    uintx ReservedCodeCacheSize                    = 251658240                              {pd product} {ergonomic}
     bool SegmentedCodeCache                       = true                                      {product} {ergonomic}
     bool ShowCodeDetailsInExceptionMessages       = true                                   {manageable} {command line}
   size_t SoftMaxHeapSize                          = 2095054848                             {manageable} {ergonomic}
     bool UseCompressedOops                        = true                           {product lp64_product} {ergonomic}
     bool UseG1GC                                  = true                                      {product} {ergonomic}
     bool UseLargePagesIndividualAllocation        = false                                  {pd product} {ergonomic}

Logging:
Log output configuration:
 #0: stdout all=warning uptime,level,tags foldmultilines=false
 #1: stderr all=off uptime,level,tags foldmultilines=false

Environment Variables:
JAVA_HOME=C:\Program Files\Java\jdk-21
PATH=C:\Program Files\Common Files\Oracle\Java\javapath;C:\oraclexe\app\oracle\product\11.2.0\server\bin;C:\Windows\system32;C:\Windows;C:\Windows\System32\Wbem;C:\Windows\System32\WindowsPowerShell\v1.0\;C:\Windows\System32\OpenSSH\;C:\Program Files (x86)\NVIDIA Corporation\PhysX\Common;C:\Program Files\NVIDIA Corporation\NVIDIA NvDLISR;C:\Program Files\Java\jdk-17.0.1\bin;C:\Program Files\dotnet\;C:\WINDOWS\system32;C:\WINDOWS;C:\WINDOWS\System32\Wbem;C:\WINDOWS\System32\WindowsPowerShell\v1.0\;C:\WINDOWS\System32\OpenSSH\;C:\Program Files\Java\jdk-21\bin;C:\Users\Manish Jadhav\AppData\Local\Microsoft\WindowsApps;C:\Users\Manish Jadhav\AppData\Local\GitHubDesktop\bin;
USERNAME=Manish Jadhav
OS=Windows_NT
PROCESSOR_IDENTIFIER=Intel64 Family 6 Model 165 Stepping 2, GenuineIntel
TMP=C:\Users\MANISH~1\AppData\Local\Temp
TEMP=C:\Users\MANISH~1\AppData\Local\Temp




Periodic native trim disabled

---------------  S Y S T E M  ---------------

OS:
 Windows 11 , 64 bit Build 22621 (10.0.22621.1778)
OS uptime: 0 days 2:49 hours
Hyper-V role detected

CPU: total 8 (initial active 8) (4 cores per cpu, 2 threads per core) family 6 model 165 stepping 2 microcode 0xf4, cx8, cmov, fxsr, ht, mmx, 3dnowpref, sse, sse2, sse3, ssse3, sse4.1, sse4.2, popcnt, lzcnt, tsc, tscinvbit, avx, avx2, aes, erms, clmul, bmi1, bmi2, adx, fma, vzeroupper, clflush, clflushopt, hv, rdtscp, f16c
Processor Information for all 8 processors :
  Max Mhz: 2496, Current Mhz: 2496, Mhz Limit: 2496

Memory: 4k page, system-wide physical 7985M (872M free)
TotalPageFile size 32561M (AvailPageFile size 2M)
current process WorkingSet (physical memory assigned to process): 111M, peak: 112M
current process commit charge ("private bytes"): 247M, peak: 248M

vm_info: Java HotSpot(TM) 64-Bit Server VM (21.0.2+13-LTS-58) for windows-amd64 JRE (21.0.2+13-LTS-58), built on 2024-01-05T18:32:24Z by "mach5one" with MS VC++ 17.1 (VS2022)

END.
